Using pre-set license
Built from '2021.3/staging' branch; Version is '2021.3.5f1 (40eb3a945986) revision 4254522'; Using compiler version '192829333'; Build Type 'Release'
OS: 'Windows 10  (10.0.19045) 64bit Professional' Language: 'fr' Physical Memory: 32692 MB
BatchMode: 1, IsHumanControllingUs: 0, StartBugReporterOnCrash: 0, Is64bit: 1, IsPro: 1

COMMAND LINE ARGUMENTS:
C:\Program Files\Unity\Hub\Editor\2021.3.5f1\Editor\Unity.exe
-adb2
-batchMode
-noUpm
-name
AssetImportWorker0
-projectPath
C:/Users/ninga/OneDrive/Desktop/GodofWar-AxeThrow
-logFile
Logs/AssetImportWorker0.log
-srvPort
58968
Successfully changed project path to: C:/Users/ninga/OneDrive/Desktop/GodofWar-AxeThrow
C:/Users/ninga/OneDrive/Desktop/GodofWar-AxeThrow
[UnityMemory] Configuration Parameters - Can be set up in boot.config
    "memorysetup-bucket-allocator-granularity=16"
    "memorysetup-bucket-allocator-bucket-count=8"
    "memorysetup-bucket-allocator-block-size=33554432"
    "memorysetup-bucket-allocator-block-count=8"
    "memorysetup-main-allocator-block-size=16777216"
    "memorysetup-thread-allocator-block-size=16777216"
    "memorysetup-gfx-main-allocator-block-size=16777216"
    "memorysetup-gfx-thread-allocator-block-size=16777216"
    "memorysetup-cache-allocator-block-size=4194304"
    "memorysetup-typetree-allocator-block-size=2097152"
    "memorysetup-profiler-bucket-allocator-granularity=16"
    "memorysetup-profiler-bucket-allocator-bucket-count=8"
    "memorysetup-profiler-bucket-allocator-block-size=33554432"
    "memorysetup-profiler-bucket-allocator-block-count=8"
    "memorysetup-profiler-allocator-block-size=16777216"
    "memorysetup-profiler-editor-allocator-block-size=1048576"
    "memorysetup-temp-allocator-size-main=16777216"
    "memorysetup-job-temp-allocator-block-size=2097152"
    "memorysetup-job-temp-allocator-block-size-background=1048576"
    "memorysetup-job-temp-allocator-reduction-small-platforms=262144"
    "memorysetup-temp-allocator-size-background-worker=32768"
    "memorysetup-temp-allocator-size-job-worker=262144"
    "memorysetup-temp-allocator-size-preload-manager=33554432"
    "memorysetup-temp-allocator-size-nav-mesh-worker=65536"
    "memorysetup-temp-allocator-size-audio-worker=65536"
    "memorysetup-temp-allocator-size-cloud-worker=32768"
    "memorysetup-temp-allocator-size-gi-baking-worker=262144"
    "memorysetup-temp-allocator-size-gfx=262144"
Refreshing native plugins compatible for Editor in 121.90 ms, found 2 plugins.
Preloading 0 native plugins for Editor in 0.00 ms.
Initialize engine version: 2021.3.5f1 (40eb3a945986)
[Subsystems] Discovering subsystems at path C:/Program Files/Unity/Hub/Editor/2021.3.5f1/Editor/Data/Resources/UnitySubsystems
[Subsystems] Discovering subsystems at path C:/Users/ninga/OneDrive/Desktop/GodofWar-AxeThrow/Assets
GfxDevice: creating device client; threaded=0; jobified=0
Direct3D:
    Version:  Direct3D 11.0 [level 11.1]
    Renderer: Radeon RX 570 Series (ID=0x67df)
    Vendor:   ATI
    VRAM:     8170 MB
    Driver:   31.0.12029.10015
Initialize mono
Mono path[0] = 'C:/Program Files/Unity/Hub/Editor/2021.3.5f1/Editor/Data/Managed'
Mono path[1] = 'C:/Program Files/Unity/Hub/Editor/2021.3.5f1/Editor/Data/MonoBleedingEdge/lib/mono/unityjit-win32'
Mono config path = 'C:/Program Files/Unity/Hub/Editor/2021.3.5f1/Editor/Data/MonoBleedingEdge/etc'
Using monoOptions --debugger-agent=transport=dt_socket,embedding=1,server=y,suspend=n,address=127.0.0.1:56828
Begin MonoManager ReloadAssembly
Registering precompiled unity dll's ...
Register platform support module: C:/Program Files/Unity/Hub/Editor/2021.3.5f1/Editor/Data/PlaybackEngines/WindowsStandaloneSupport/UnityEditor.WindowsStandalone.Extensions.dll
Registered in 0.018345 seconds.
Native extension for WindowsStandalone target not found
Refreshing native plugins compatible for Editor in 104.32 ms, found 2 plugins.
Preloading 0 native plugins for Editor in 0.00 ms.
Mono: successfully reloaded assembly
- Completed reload, in  1.037 seconds
Domain Reload Profiling:
	ReloadAssembly (1038ms)
		BeginReloadAssembly (115ms)
			ExecutionOrderSort (0ms)
			DisableScriptedObjects (0ms)
			BackupInstance (0ms)
			ReleaseScriptingObjects (2ms)
			CreateAndSetChildDomain (2ms)
		EndReloadAssembly (724ms)
			LoadAssemblies (107ms)
			RebuildTransferFunctionScriptingTraits (0ms)
			SetupTypeCache (164ms)
			ReleaseScriptCaches (0ms)
			RebuildScriptCaches (39ms)
			SetupLoadedEditorAssemblies (420ms)
				LogAssemblyErrors (0ms)
				InitializePlatformSupportModulesInManaged (14ms)
				SetLoadedEditorAssemblies (1ms)
				RefreshPlugins (104ms)
				BeforeProcessingInitializeOnLoad (1ms)
				ProcessInitializeOnLoadAttributes (218ms)
				ProcessInitializeOnLoadMethodAttributes (82ms)
				AfterProcessingInitializeOnLoad (0ms)
				EditorAssembliesLoaded (0ms)
			ExecutionOrderSort2 (0ms)
			AwakeInstancesAfterBackupRestoration (0ms)
Platform modules already initialized, skipping
Registering precompiled user dll's ...
Registered in 0.012006 seconds.
Begin MonoManager ReloadAssembly
Native extension for WindowsStandalone target not found
Refreshing native plugins compatible for Editor in 0.93 ms, found 2 plugins.
Preloading 0 native plugins for Editor in 0.00 ms.
Package Manager log level set to [2]
Mono: successfully reloaded assembly
- Completed reload, in  2.231 seconds
Domain Reload Profiling:
	ReloadAssembly (2232ms)
		BeginReloadAssembly (208ms)
			ExecutionOrderSort (0ms)
			DisableScriptedObjects (9ms)
			BackupInstance (0ms)
			ReleaseScriptingObjects (0ms)
			CreateAndSetChildDomain (29ms)
		EndReloadAssembly (1818ms)
			LoadAssemblies (163ms)
			RebuildTransferFunctionScriptingTraits (0ms)
			SetupTypeCache (337ms)
			ReleaseScriptCaches (1ms)
			RebuildScriptCaches (92ms)
			SetupLoadedEditorAssemblies (1172ms)
				LogAssemblyErrors (0ms)
				InitializePlatformSupportModulesInManaged (9ms)
				SetLoadedEditorAssemblies (1ms)
				RefreshPlugins (1ms)
				BeforeProcessingInitializeOnLoad (135ms)
				ProcessInitializeOnLoadAttributes (777ms)
				ProcessInitializeOnLoadMethodAttributes (228ms)
				AfterProcessingInitializeOnLoad (21ms)
				EditorAssembliesLoaded (0ms)
			ExecutionOrderSort2 (0ms)
			AwakeInstancesAfterBackupRestoration (9ms)
Platform modules already initialized, skipping
========================================================================
Worker process is ready to serve import requests
Launched and connected shader compiler UnityShaderCompiler.exe after 0.09 seconds
Refreshing native plugins compatible for Editor in 1.94 ms, found 2 plugins.
Preloading 0 native plugins for Editor in 0.00 ms.
Unloading 3015 Unused Serialized files (Serialized files now loaded: 0)
Unloading 192 unused Assets / (1.4 MB). Loaded Objects now: 3431.
Memory consumption went from 123.4 MB to 122.0 MB.
Total: 12.118300 ms (FindLiveObjects: 0.358900 ms CreateObjectMapping: 0.112400 ms MarkObjects: 11.008900 ms  DeleteObjects: 0.636600 ms)

AssetImportParameters requested are different than current active one (requested -> active):
  custom:video-decoder-ogg-theora: a1e56fd34408186e4bbccfd4996cb3dc -> 
  custom:container-muxer-webm: aa71ff27fc2769a1b78a27578f13a17b -> 
  custom:container-demuxer-webm: 4f35f7cbe854078d1ac9338744f61a02 -> 
  custom:video-encoder-webm-vp8: eb34c28f22e8b96e1ab97ce403110664 -> 
  custom:audio-encoder-webm-vorbis: bf7c407c2cedff20999df2af8eb42d56 -> 
  custom:framework-win-MediaFoundation: 216162199b28c13a410421893ffa2e32 -> 
  custom:container-demuxer-ogg: 62fdf1f143b41e24485cea50d1cbac27 -> 
  custom:video-decoder-webm-vp8: 9c59270c3fd7afecdb556c50c9e8de78 -> 
  custom:audio-decoder-ogg-vorbis: bf7c407c2cedff20999df2af8eb42d56 -> 
========================================================================
Received Import Request.
  Time since last request: 641645.268982 seconds.
  path: Assets/PostProcess.asset
  artifactKey: Guid(b01d20285a9746441b3ff4044bde38ce) Importer(815301076,1909f56bfc062723c751e8b465ee728b)
Start importing Assets/PostProcess.asset using Guid(b01d20285a9746441b3ff4044bde38ce) Importer(815301076,1909f56bfc062723c751e8b465ee728b)  -> (artifact id: 'd9d1f75ea0aea59a559a12235adad97e') in 0.055880 seconds 
========================================================================
Received Import Request.
  Time since last request: 6.545276 seconds.
  path: Assets/Animations
  artifactKey: Guid(8f83ea35dd7adae499199c71b2abbc33) Importer(815301076,1909f56bfc062723c751e8b465ee728b)
Start importing Assets/Animations using Guid(8f83ea35dd7adae499199c71b2abbc33) Importer(815301076,1909f56bfc062723c751e8b465ee728b)  -> (artifact id: 'cc88ec4ec71da897d29552e76bd94a3f') in 0.022251 seconds 
========================================================================
Received Import Request.
  Time since last request: 3.944152 seconds.
  path: Assets/Scenes
  artifactKey: Guid(32bd6e607b47c6f42b923dedaaeb3f36) Importer(815301076,1909f56bfc062723c751e8b465ee728b)
Start importing Assets/Scenes using Guid(32bd6e607b47c6f42b923dedaaeb3f36) Importer(815301076,1909f56bfc062723c751e8b465ee728b)  -> (artifact id: 'eb75406a711c07975270ece4180ee560') in 0.011338 seconds 
========================================================================
Received Import Request.
  Time since last request: 1.140756 seconds.
  path: Assets/Scenes/SampleScene_Profiles
  artifactKey: Guid(526a8e0279f6cda4bb872afc46cdbe7f) Importer(815301076,1909f56bfc062723c751e8b465ee728b)
Start importing Assets/Scenes/SampleScene_Profiles using Guid(526a8e0279f6cda4bb872afc46cdbe7f) Importer(815301076,1909f56bfc062723c751e8b465ee728b)  -> (artifact id: '9261c09ea779f2167adc6c0da064bb61') in 0.008413 seconds 
========================================================================
Received Import Request.
  Time since last request: 0.062879 seconds.
  path: Assets/Scenes/SampleScene_Profiles/Main Camera Profile.asset
  artifactKey: Guid(1a088ebe5ff51884497bef60b2ddc9b1) Importer(815301076,1909f56bfc062723c751e8b465ee728b)
Start importing Assets/Scenes/SampleScene_Profiles/Main Camera Profile.asset using Guid(1a088ebe5ff51884497bef60b2ddc9b1) Importer(815301076,1909f56bfc062723c751e8b465ee728b)  -> (artifact id: '492c60ffca7f3d50bc02f64b337a0555') in 0.013725 seconds 
========================================================================
Received Import Request.
  Time since last request: 1.810687 seconds.
  path: Assets/Scenes/SampleScene.unity
  artifactKey: Guid(da3a89b105eb8f549af6ee2ee39a5198) Importer(815301076,1909f56bfc062723c751e8b465ee728b)
Start importing Assets/Scenes/SampleScene.unity using Guid(da3a89b105eb8f549af6ee2ee39a5198) Importer(815301076,1909f56bfc062723c751e8b465ee728b)  -> (artifact id: 'fd4e5ad5d4bf3e83118e871610f4a334') in 0.009315 seconds 
========================================================================
Received Prepare
Registering precompiled user dll's ...
Registered in 0.010875 seconds.
Begin MonoManager ReloadAssembly
Native extension for WindowsStandalone target not found
Refreshing native plugins compatible for Editor in 1.31 ms, found 2 plugins.
Preloading 0 native plugins for Editor in 0.00 ms.
Warning: Annotation not found!
UnityEngine.StackTraceUtility:ExtractStackTrace ()
UnityEditor.ProBuilder.EditorUtility:SetGizmoIconEnabled (System.Type,bool) (at Library/PackageCache/com.unity.probuilder@5.0.3/Editor/EditorCore/EditorUtility.cs:575)
UnityEditor.ProBuilder.HierarchyListener:.cctor () (at Library/PackageCache/com.unity.probuilder@5.0.3/Editor/EditorCore/HierarchyListener.cs:21)
System.Runtime.CompilerServices.RuntimeHelpers:RunClassConstructor (System.RuntimeTypeHandle)
UnityEditor.EditorAssemblies:ProcessInitializeOnLoadAttributes (System.Type[])

[Library/PackageCache/com.unity.probuilder@5.0.3/Editor/EditorCore/EditorUtility.cs line 575]

Mono: successfully reloaded assembly
- Completed reload, in  2.033 seconds
Domain Reload Profiling:
	ReloadAssembly (2034ms)
		BeginReloadAssembly (247ms)
			ExecutionOrderSort (0ms)
			DisableScriptedObjects (9ms)
			BackupInstance (0ms)
			ReleaseScriptingObjects (0ms)
			CreateAndSetChildDomain (61ms)
		EndReloadAssembly (1604ms)
			LoadAssemblies (168ms)
			RebuildTransferFunctionScriptingTraits (0ms)
			SetupTypeCache (346ms)
			ReleaseScriptCaches (3ms)
			RebuildScriptCaches (69ms)
			SetupLoadedEditorAssemblies (966ms)
				LogAssemblyErrors (0ms)
				InitializePlatformSupportModulesInManaged (22ms)
				SetLoadedEditorAssemblies (1ms)
				RefreshPlugins (1ms)
				BeforeProcessingInitializeOnLoad (155ms)
				ProcessInitializeOnLoadAttributes (521ms)
				ProcessInitializeOnLoadMethodAttributes (239ms)
				AfterProcessingInitializeOnLoad (25ms)
				EditorAssembliesLoaded (0ms)
			ExecutionOrderSort2 (0ms)
			AwakeInstancesAfterBackupRestoration (10ms)
Platform modules already initialized, skipping
Refreshing native plugins compatible for Editor in 13.12 ms, found 2 plugins.
Preloading 0 native plugins for Editor in 0.00 ms.
Unloading 2953 Unused Serialized files (Serialized files now loaded: 0)
Unloading 64 unused Assets / (1.4 MB). Loaded Objects now: 3446.
Memory consumption went from 117.5 MB to 116.2 MB.
Total: 12.480600 ms (FindLiveObjects: 0.336500 ms CreateObjectMapping: 0.090700 ms MarkObjects: 11.525800 ms  DeleteObjects: 0.525600 ms)

AssetImportParameters requested are different than current active one (requested -> active):
  custom:video-decoder-ogg-theora: a1e56fd34408186e4bbccfd4996cb3dc -> 
  custom:container-muxer-webm: aa71ff27fc2769a1b78a27578f13a17b -> 
  custom:container-demuxer-webm: 4f35f7cbe854078d1ac9338744f61a02 -> 
  custom:video-encoder-webm-vp8: eb34c28f22e8b96e1ab97ce403110664 -> 
  custom:audio-encoder-webm-vorbis: bf7c407c2cedff20999df2af8eb42d56 -> 
  custom:framework-win-MediaFoundation: 216162199b28c13a410421893ffa2e32 -> 
  custom:container-demuxer-ogg: 62fdf1f143b41e24485cea50d1cbac27 -> 
  custom:video-decoder-webm-vp8: 9c59270c3fd7afecdb556c50c9e8de78 -> 
  custom:audio-decoder-ogg-vorbis: bf7c407c2cedff20999df2af8eb42d56 -> 
========================================================================
Received Import Request.
  Time since last request: 102.634815 seconds.
  path: Assets/MovementInput.cs
  artifactKey: Guid(caa9f165e2b4f1a4f9522501717c095d) Importer(815301076,1909f56bfc062723c751e8b465ee728b)
Start importing Assets/MovementInput.cs using Guid(caa9f165e2b4f1a4f9522501717c095d) Importer(815301076,1909f56bfc062723c751e8b465ee728b)  -> (artifact id: '5adf197df654b5eb81cb93f149ff3896') in 0.040109 seconds 
========================================================================
Received Import Request.
  Time since last request: 72.401877 seconds.
  path: Assets/ThrowController.cs
  artifactKey: Guid(7527d30ede7f30e47a7288cade95701a) Importer(815301076,1909f56bfc062723c751e8b465ee728b)
Start importing Assets/ThrowController.cs using Guid(7527d30ede7f30e47a7288cade95701a) Importer(815301076,1909f56bfc062723c751e8b465ee728b)  -> (artifact id: 'ecadb00c7d76ff5d6501b3a49a12e1e3') in 0.009698 seconds 
========================================================================
Received Import Request.
  Time since last request: 24.373223 seconds.
  path: Assets/WeaponScript.cs
  artifactKey: Guid(0a182fce56c12bd48a469fe1528820c6) Importer(815301076,1909f56bfc062723c751e8b465ee728b)
Start importing Assets/WeaponScript.cs using Guid(0a182fce56c12bd48a469fe1528820c6) Importer(815301076,1909f56bfc062723c751e8b465ee728b)  -> (artifact id: '476bc3d4e2a179698a19ddbaaa8a2441') in 0.008251 seconds 
========================================================================
Received Import Request.
  Time since last request: 15.050631 seconds.
  path: Assets/Gizmos
  artifactKey: Guid(b304e5ab646b81a4d94b2d2386cf77c7) Importer(815301076,1909f56bfc062723c751e8b465ee728b)
Start importing Assets/Gizmos using Guid(b304e5ab646b81a4d94b2d2386cf77c7) Importer(815301076,1909f56bfc062723c751e8b465ee728b)  -> (artifact id: '121ca06fc979b07afd29f6e6d2c86c87') in 0.007532 seconds 
========================================================================
Received Import Request.
  Time since last request: 0.714293 seconds.
  path: Assets/Gizmos/Cinemachine
  artifactKey: Guid(8f162223e69f12a45af25525faef926b) Importer(815301076,1909f56bfc062723c751e8b465ee728b)
Start importing Assets/Gizmos/Cinemachine using Guid(8f162223e69f12a45af25525faef926b) Importer(815301076,1909f56bfc062723c751e8b465ee728b)  -> (artifact id: 'efc3e3c0b1c75be509953bb92a8e0e6c') in 0.015181 seconds 
========================================================================
Received Import Request.
  Time since last request: 0.042305 seconds.
  path: Assets/Gizmos/Cinemachine/cm_logo_lg.png
  artifactKey: Guid(ea31f18697a4ef14d80c52c61b655e32) Importer(815301076,1909f56bfc062723c751e8b465ee728b)
Start importing Assets/Gizmos/Cinemachine/cm_logo_lg.png using Guid(ea31f18697a4ef14d80c52c61b655e32) Importer(815301076,1909f56bfc062723c751e8b465ee728b)  -> (artifact id: 'c056e3a9e9a830a5cb2ce43d2bdbca54') in 0.097061 seconds 
========================================================================
Received Import Request.
  Time since last request: 3.614620 seconds.
  path: Assets/Models
  artifactKey: Guid(9282beaf8fb031c489f444b3d568389f) Importer(815301076,1909f56bfc062723c751e8b465ee728b)
Start importing Assets/Models using Guid(9282beaf8fb031c489f444b3d568389f) Importer(815301076,1909f56bfc062723c751e8b465ee728b)  -> (artifact id: '4b33ec9789926a590dfe268061bed534') in 0.008458 seconds 
========================================================================
Received Import Request.
  Time since last request: 0.052955 seconds.
  path: Assets/Models/LEVIATHAN Axe_lowAO.fbx
  artifactKey: Guid(b6db1b6119f67394a8c9ac6a9ab79c2a) Importer(815301076,1909f56bfc062723c751e8b465ee728b)
Start importing Assets/Models/LEVIATHAN Axe_lowAO.fbx using Guid(b6db1b6119f67394a8c9ac6a9ab79c2a) Importer(815301076,1909f56bfc062723c751e8b465ee728b)  -> (artifact id: 'a81bff5ac88716d8a3da676aa75c1121') in 0.484798 seconds 
========================================================================
Received Import Request.
  Time since last request: 1.665026 seconds.
  path: Assets/Models/Box
  artifactKey: Guid(c4fc9bc237cc49e4f9df175dde542baa) Importer(815301076,1909f56bfc062723c751e8b465ee728b)
Start importing Assets/Models/Box using Guid(c4fc9bc237cc49e4f9df175dde542baa) Importer(815301076,1909f56bfc062723c751e8b465ee728b)  -> (artifact id: '1fceb7923bdf71e69da98b05707fc8ab') in 0.011179 seconds 
========================================================================
Received Import Request.
  Time since last request: 0.059409 seconds.
  path: Assets/Models/Box/BoxBroken Variant.prefab
  artifactKey: Guid(d076bcac420cce94091b7cdd9bc37675) Importer(815301076,1909f56bfc062723c751e8b465ee728b)
Start importing Assets/Models/Box/BoxBroken Variant.prefab using Guid(d076bcac420cce94091b7cdd9bc37675) Importer(815301076,1909f56bfc062723c751e8b465ee728b)  -> (artifact id: '2fee959166042ec50f53681ba66e5199') in 0.035364 seconds 
========================================================================
Received Import Request.
  Time since last request: 0.000025 seconds.
  path: Assets/Models/Box/breakableBox.fbx
  artifactKey: Guid(3bb1be458f6c70247bdabd33e0188545) Importer(815301076,1909f56bfc062723c751e8b465ee728b)
Start importing Assets/Models/Box/breakableBox.fbx using Guid(3bb1be458f6c70247bdabd33e0188545) Importer(815301076,1909f56bfc062723c751e8b465ee728b)  -> (artifact id: '4d2c31cb3e0f54fda47c018edb19b66a') in 0.104059 seconds 
========================================================================
Received Prepare
Registering precompiled user dll's ...
Registered in 0.010893 seconds.
Begin MonoManager ReloadAssembly
Native extension for WindowsStandalone target not found
Refreshing native plugins compatible for Editor in 1.48 ms, found 2 plugins.
Preloading 0 native plugins for Editor in 0.00 ms.
Warning: Annotation not found!
UnityEngine.StackTraceUtility:ExtractStackTrace ()
UnityEditor.ProBuilder.EditorUtility:SetGizmoIconEnabled (System.Type,bool) (at Library/PackageCache/com.unity.probuilder@5.0.3/Editor/EditorCore/EditorUtility.cs:575)
UnityEditor.ProBuilder.HierarchyListener:.cctor () (at Library/PackageCache/com.unity.probuilder@5.0.3/Editor/EditorCore/HierarchyListener.cs:21)
System.Runtime.CompilerServices.RuntimeHelpers:RunClassConstructor (System.RuntimeTypeHandle)
UnityEditor.EditorAssemblies:ProcessInitializeOnLoadAttributes (System.Type[])

[Library/PackageCache/com.unity.probuilder@5.0.3/Editor/EditorCore/EditorUtility.cs line 575]

Mono: successfully reloaded assembly
- Completed reload, in  1.886 seconds
Domain Reload Profiling:
	ReloadAssembly (1887ms)
		BeginReloadAssembly (206ms)
			ExecutionOrderSort (0ms)
			DisableScriptedObjects (12ms)
			BackupInstance (0ms)
			ReleaseScriptingObjects (0ms)
			CreateAndSetChildDomain (48ms)
		EndReloadAssembly (1503ms)
			LoadAssemblies (135ms)
			RebuildTransferFunctionScriptingTraits (0ms)
			SetupTypeCache (269ms)
			ReleaseScriptCaches (1ms)
			RebuildScriptCaches (73ms)
			SetupLoadedEditorAssemblies (932ms)
				LogAssemblyErrors (0ms)
				InitializePlatformSupportModulesInManaged (25ms)
				SetLoadedEditorAssemblies (1ms)
				RefreshPlugins (2ms)
				BeforeProcessingInitializeOnLoad (160ms)
				ProcessInitializeOnLoadAttributes (485ms)
				ProcessInitializeOnLoadMethodAttributes (237ms)
				AfterProcessingInitializeOnLoad (22ms)
				EditorAssembliesLoaded (0ms)
			ExecutionOrderSort2 (0ms)
			AwakeInstancesAfterBackupRestoration (10ms)
Platform modules already initialized, skipping
Refreshing native plugins compatible for Editor in 12.36 ms, found 2 plugins.
Preloading 0 native plugins for Editor in 0.00 ms.
Unloading 2953 Unused Serialized files (Serialized files now loaded: 0)
Unloading 65 unused Assets / (1.4 MB). Loaded Objects now: 3504.
Memory consumption went from 122.3 MB to 120.9 MB.
Total: 12.432000 ms (FindLiveObjects: 0.373400 ms CreateObjectMapping: 0.121100 ms MarkObjects: 11.293800 ms  DeleteObjects: 0.641900 ms)

AssetImportParameters requested are different than current active one (requested -> active):
  custom:video-decoder-ogg-theora: a1e56fd34408186e4bbccfd4996cb3dc -> 
  custom:container-muxer-webm: aa71ff27fc2769a1b78a27578f13a17b -> 
  custom:container-demuxer-webm: 4f35f7cbe854078d1ac9338744f61a02 -> 
  custom:video-encoder-webm-vp8: eb34c28f22e8b96e1ab97ce403110664 -> 
  custom:audio-encoder-webm-vorbis: bf7c407c2cedff20999df2af8eb42d56 -> 
  custom:framework-win-MediaFoundation: 216162199b28c13a410421893ffa2e32 -> 
  custom:container-demuxer-ogg: 62fdf1f143b41e24485cea50d1cbac27 -> 
  custom:video-decoder-webm-vp8: 9c59270c3fd7afecdb556c50c9e8de78 -> 
  custom:audio-decoder-ogg-vorbis: bf7c407c2cedff20999df2af8eb42d56 -> 
